743
53 11
27198 42293 61098 56156 67042 70968 1061 60488 2478 45897 19871 
1949 20
1416 41367 46254 29512 21318 75188 77607 99686 99572 96757 7767 5658 63589 2883 52845 98832 82966 71256 18968 24096 
2297 17
44219 34902 26037 70960 42504 6718 5511 48161 72402 20451 54343 74118 61759 67018 19238 98491 32352 
3953 18
8169 19290 28280 80813 15550 38261 64680 64015 95955 32155 11603 95826 88667 54495 51407 66720 78057 5704 
4705 17
27498 46654 58350 28939 15961 29112 66365 95102 24661 33664 26982 71928 92431 51664 19051 9691 37941 
4871 20
72701 66996 17164 98377 18945 83073 50357 17652 68337 58146 55914 11543 2030 10014 42134 52743 29616 79041 12492 920 
7327 17
56397 23059 69788 89861 7209 85856 72011 5377 62968 80916 50738 66385 91892 2444 10089 91198 97546 
8149 10
88199 42728 46288 11281 39297 59349 71560 87508 79950 16863 
8617 14
62826 73616 24555 96366 58113 53656 27070 56222 89450 65001 80572 70208 12078 27336 
9566 10
41865 3302 85657 60741 44518 76358 48216 65721 57624 52477 
9772 17
63725 20394 90925 95372 70656 34725 12919 1331 39849 71956 18994 10639 41179 77264 10161 52743 45682 
924 10
2345 32869 70719 9573 2009 59119 68117 63681 30692 27088 
2286 10
16365 51610 44449 36406 34977 90105 77774 97300 67637 28324 
3167 12
12102 38722 62826 53198 50490 46728 65740 45937 87752 54201 24472 16768 
4713 20
76521 20393 55232 86903 344 18798 79089 70362 2430 15233 97498 15110 6256 47016 4500 72070 16018 42024 20958 7840 
5113 18
69974 10913 4515 21533 81601 14354 70484 69790 92685 26672 87593 96410 26368 9777 83827 27943 63919 40419 
5269 19
63780 84148 79595 34903 32970 41417 66959 61193 55893 24854 50139 9236 86823 39365 7929 5257 26048 38405 27223 
6423 19
29438 92164 9657 28524 23991 83681 10228 59936 77451 64766 51462 7116 60935 95909 95350 40246 18339 6832 16915 
6612 17
53430 1584 21810 56700 56585 41036 63998 60509 64075 91424 90289 11996 3698 22393 51976 26840 61274 
7822 13
86967 75535 45966 15773 70296 48849 51399 550 77976 66124 20701 74828 68283 
8316 10
16936 88459 35067 50564 15930 90133 71145 94677 57841 47223 
9963 19
47722 9928 35723 3471 99824 27003 1914 34741 23537 32448 55717 43895 13159 74257 11101 51392 13534 66242 54749 
2 18
59105 81874 95109 9041 70856 29805 86566 2833 88815 70281 99122 85500 81548 11192 96619 7100 35387 16023 
861 18
12061 66169 30771 80790 68776 58188 30714 41257 71082 8887 17567 1884 87155 77320 23409 50850 24596 88458 
1237 16
72602 52381 49956 74375 78183 71061 3845 50412 47455 35104 68167 48645 68615 32230 95397 64221 
1796 10
41119 1442 1215 17528 1510 28708 44846 24706 45384 63547 
2103 17
82318 29044 61578 52599 82672 32613 6743 37862 14424 11028 19124 52840 98670 25083 10579 52305 94707 
4570 17
59802 11810 88480 14057 71029 18297 55839 53756 16651 53642 21977 28449 26278 63795 58232 11891 91782 
6033 14
98867 61493 85725 70864 34466 72495 37727 33013 44060 77516 64536 6594 66727 54186 
7020 17
49541 47260 50381 49787 46044 44705 99369 88410 4781 99471 93291 41123 20853 18862 8855 36960 46282 
7436 11
97220 82794 25505 15286 87458 52041 72142 78204 74957 56562 60441 
8130 12
9518 27833 83051 36435 22591 84570 1635 57100 25187 85938 57087 34477 
9436 18
16117 10436 83452 72877 46967 59163 96533 38650 9161 19172 13433 21388 32535 67395 11410 77664 89190 2878 
4001 16
45852 29890 89416 13888 81051 19280 51954 97667 8528 31140 79390 65591 90042 77141 21650 13030 
4148 14
55540 83557 15851 43422 67569 57102 41458 40062 20686 39748 55818 29142 13890 42985 
5668 11
41952 6203 64684 37264 60769 66577 50980 16157 96666 78751 51313 
6237 15
99963 35897 47326 85750 11327 39697 65844 44804 59450 14727 96515 50591 10342 57855 91042 
293 16
23028 46410 87656 21757 66807 98159 52805 74344 19233 35161 88008 15322 30919 1378 32085 89089 
339 18
77635 27942 79228 69372 88088 43697 42160 36061 19998 34201 52082 13498 86688 37593 46187 17915 72357 55575 
1693 11
27902 50156 36505 26151 87171 72509 87726 16215 70070 55806 70386 
2268 18
18519 37530 46809 7877 86866 49584 78188 35862 45035 99746 17071 46685 30371 53492 16826 38861 82754 16134 
2655 20
18033 84924 29910 68865 46808 16138 64957 83632 33581 81355 20397 79903 55319 90550 80016 89725 5767 78284 69053 57456 
3955 16
48400 20670 38251 9607 63838 77965 62354 88248 48803 6022 13169 76480 96437 21980 21941 87897 
4434 12
61601 90285 50089 14462 54041 22448 66710 90926 26596 95613 76501 52445 
7450 10
78642 15695 42922 91580 87177 23131 3796 33548 97960 22218 
9562 10
82933 66324 54582 73374 43028 6065 78801 24074 17388 90086 
1453 20
22832 51412 68226 70749 12015 61255 59341 1339 74243 49749 39332 66733 38811 24651 28208 56190 15385 54983 25123 17714 
1520 11
42209 25451 15181 333 32689 63132 24175 34585 59509 70041 34953 
1584 17
30631 41634 91937 95584 92745 87744 35610 11055 21771 75917 67789 20516 13976 39082 51502 55911 80641 
3915 14
83261 74855 27006 55918 98747 60639 59016 45917 74117 98284 30953 72951 67403 63550 
4677 15
98754 12029 86628 53479 71682 21688 13292 89654 28087 96475 72469 5862 44563 43563 60333 
5438 14
527 60056 49632 89930 76256 6373 44812 41381 12924 13272 68452 98 87397 94553 
5999 14
69509 75664 89070 42056 75402 41739 33623 70701 59137 10128 21000 50054 11566 96427 
6084 19
82735 26978 34816 75328 24662 5947 29120 37595 70603 21830 81884 83085 81346 69840 40142 91466 41715 80020 49700 
6134 20
17304 93362 3 53746 84770 21341 58272 54442 72197 46847 14464 83989 16441 15983 15130 28511 59575 20223 8314 88845 
6940 18
60078 39164 89434 59466 58983 26739 6553 9446 42102 79244 39870 85883 73925 57710 24199 27468 69993 13098 
8663 11
87246 97554 56195 43539 60655 38608 49876 17711 8726 6134 9850 
9506 18
24168 52150 33125 48747 64272 73120 95401 55571 2253 82657 28035 54080 13325 73605 53947 91177 32320 61131 
9539 11
48293 30045 80354 68272 39478 95592 5934 90511 23735 97687 76444 
498 15
64733 95302 84687 14276 74383 80075 55274 4651 85390 90223 11241 38688 72849 77897 75135 
1521 10
34218 26915 16704 73574 13049 25408 67054 33311 91929 22701 
2235 19
24426 31664 34107 4980 19971 94805 91502 90978 71171 60651 91372 39343 47269 95174 75038 81026 65586 56327 18597 
3684 13
65974 75138 15994 38487 66179 50494 3879 13979 52341 64184 73767 81144 36274 
4058 13
27207 50042 7336 17426 7826 62267 56871 46267 53443 29557 55020 84900 46516 
4463 18
47407 33779 93378 90453 79233 32644 829 45282 83013 49953 53413 25398 87340 25685 39388 47964 7858 28195 
4899 16
41152 65691 74215 73846 29330 48682 27080 85295 86865 92872 24682 9500 76791 62154 80821 84137 
5590 14
82048 55291 95129 20555 45621 83643 32891 97946 6726 64380 50886 15804 48678 61929 
6251 15
69835 59385 41244 43311 45069 77515 55479 43764 80211 85018 12864 15844 11089 87309 16022 
7843 20
9526 38684 77573 42817 74467 31352 44404 40884 75591 3970 15016 45791 99266 9698 5667 40070 31208 13585 17796 20265 
8236 10
29760 11569 71801 86977 68383 14396 6009 91595 52580 93640 
8447 11
30631 69837 23489 27837 72714 5819 32208 42675 48818 66747 61640 
8902 19
51948 31122 63862 96807 45574 39516 40132 24014 42818 38268 60157 18407 32830 22065 37332 94621 45112 22675 33301 
5 16
69906 85820 32713 34776 41431 62891 83777 31929 86009 14459 98759 47081 70553 30091 90613 48874 
2240 10
94801 26416 18272 38090 18780 4273 82465 32689 59757 49021 
5114 12
83395 17830 11071 85069 21348 84008 64125 10816 39537 19101 71274 51753 
6743 14
46518 37829 54070 49522 7930 28607 5617 54489 63411 30014 86606 7377 32687 44681 
7069 18
46676 89369 16197 35160 81377 50545 16123 26031 21644 81860 85412 93345 52947 4897 81575 37184 44616 27194 
8596 14
86927 61628 60826 93937 67120 95592 79440 20468 79197 51627 42215 406 65049 65859 
9429 15
70552 56724 73726 88954 59323 78376 45939 88304 7413 43772 90446 66779 13900 21221 43984 
9442 13
36637 8825 19166 93120 92568 55842 67455 14671 60780 85227 1120 42149 1360 
9748 16
66583 16366 38506 22155 31566 43852 42285 99759 44145 27627 4737 60313 99689 84258 60608 38008 
1638 10
3724 5087 10482 5091 84949 71993 68545 97787 89528 52448 
2923 15
9340 87323 84721 78873 87908 89943 17764 51640 20732 19756 3340 49587 54171 64384 9779 
3050 15
20139 14042 69020 63291 77035 50044 41617 55851 57053 31709 80440 89911 20053 17096 7507 
3243 16
22565 81520 20909 30365 22446 85995 23264 36767 85091 36187 91479 87999 95605 86477 88483 90145 
4975 19
27153 77534 480 8832 95820 32445 9209 31660 17712 67501 44093 34111 4055 59131 50453 31058 82202 46795 15294 
5285 15
83059 17578 39323 84286 71759 31780 669 26087 67607 64457 66260 41032 33018 88880 2419 
5654 18
94010 8560 10907 3565 87670 80070 42559 59164 83268 26456 89846 13720 26060 3479 47669 49319 55252 58774 
5961 10
10454 7684 94338 61363 12167 28828 96935 96351 90312 63531 
6793 16
31062 17817 28348 57183 93306 77295 19311 35889 11329 67385 42097 33019 6450 79152 74394 5382 
7946 10
74419 80630 79434 4421 36736 45497 67998 58690 36226 10678 
8025 12
86652 14159 98568 95861 64190 24977 1439 94355 60747 42969 12329 89138 
8070 14
29981 52774 28071 45026 96632 93400 59182 56742 14443 81476 66976 9028 39913 2615 
1226 14
75758 46361 95939 64032 8998 96907 94276 22973 62617 233 44968 86281 44775 77342 
1923 14
99277 33125 40123 778 51298 9757 85162 58861 2883 98448 23612 45187 71859 26537 
2671 12
50145 37061 8859 35286 44181 90416 15463 80477 14101 14228 20662 82516 
3622 20
12239 11707 80674 66237 76681 42567 89331 44900 84960 57909 90636 73330 22725 95080 1945 24612 17060 4741 75569 17987 
4009 17
27711 88274 12036 6223 22849 19945 10299 94004 48518 50902 12842 470 81097 46566 11151 23720 68550 
4606 11
59143 78370 20684 93740 40242 57936 24020 45877 93551 44605 34227 
7499 13
42663 33465 9796 19177 32669 73227 37774 41222 31954 17602 26531 51896 84968 
7977 18
57517 85101 18676 16514 13108 8182 81155 58806 60431 52968 22995 95919 9618 8250 63465 98237 1113 73858 
9124 19
17411 72526 60377 15162 79060 40886 92903 12191 12780 94572 43429 68026 21421 15298 20981 92274 62522 44053 32653 
107 14
11806 61850 50847 2626 33607 82899 11429 18315 52031 92509 13672 321 48205 79550 
1548 10
60640 97692 61821 934 75022 92675 3475 7862 55851 40589 
1824 17
60722 93300 24816 81351 59120 29019 22845 33502 80885 46666 63962 30186 8572 65226 72932 15316 18005 
2657 19
42175 86153 32792 14268 69036 36709 86839 83921 46433 68893 29608 20372 67057 70935 60851 66936 47663 24266 12476 
2824 13
91273 87607 59793 10632 14508 46614 7772 52131 97960 72587 55607 97295 55254 
4213 16
16057 29636 47974 20152 46208 9895 66911 26825 30834 79678 28342 94145 77531 24738 84254 94775 
5585 18
82005 7109 72826 47944 8062 54001 48826 7655 32575 19380 74742 88662 3807 21611 22256 96805 21281 52702 
6239 18
36532 10636 45378 40704 79224 50310 72953 31844 16312 77607 94511 27871 635 57560 26885 50373 59596 81944 
6769 18
26607 42007 57011 43023 45307 14492 17968 7510 87382 72603 23487 90677 45981 71709 32405 27316 94055 99340 
9889 13
29752 55108 71030 39701 32305 47077 28851 99860 70722 33093 17833 75653 75279 
1048 17
40363 46095 36777 73942 94677 26530 98940 2719 87605 93924 35936 80509 9323 2777 42369 48944 51088 
1813 16
97048 55178 68464 58637 21712 86714 32864 92945 71192 41353 31624 8506 94960 86728 72561 15149 
2908 11
9530 56549 50659 82047 84953 59140 34005 41295 56188 46658 20969 
4509 11
95328 5678 1256 244 88147 50063 50580 71811 6341 73001 83217 
5200 16
60677 59035 58521 60617 28276 90506 98368 60888 3784 66843 46191 38119 16919 73487 17045 739 
6188 15
98498 81763 35967 31166 40909 37085 45607 53838 82998 22434 21435 6076 63904 1470 83244 
6609 19
6635 17782 91760 34525 44884 8037 15824 40813 76612 84281 20546 69910 64281 73426 78614 22173 26726 62769 80532 
9667 15
50609 66630 20501 94791 56222 66302 40011 16180 43833 36504 90180 54762 70655 59887 13401 
18 14
74125 74997 29586 69057 73308 55842 56601 52255 64396 80302 98878 35169 75224 52395 
198 13
38878 64023 86139 37953 40934 42091 9872 46140 19029 11316 3333 79943 36870 
650 14
78383 33694 61008 44740 18275 60100 68345 50898 78483 59551 68353 26135 4701 88226 
1634 15
42058 57740 774 48779 24468 87092 15323 18305 34392 69902 90605 36241 2981 5282 75776 
1760 10
28953 46805 82880 58487 40929 22422 14830 49620 39132 5901 
2380 12
75099 96137 6118 83028 11550 90457 65802 12664 29106 37395 42369 11146 
3938 12
12180 37595 59885 16110 38662 70893 92820 20791 68684 43547 75092 83826 
6550 19
16395 57527 85050 57286 80912 33058 12759 63103 93066 7958 97857 11530 65313 49892 31067 35700 10051 97138 94970 
7305 11
80227 16103 95997 41276 71052 31000 569 27769 17735 89141 23444 
8696 20
65791 5076 42488 66416 94634 82577 2284 78115 82092 77630 24855 38304 87902 3876 89554 17085 86267 44776 45104 35619 
8917 14
6604 39083 60134 22365 61097 40941 14901 10177 65614 18745 38007 42526 3456 32911 
438 19
27092 63712 26861 79345 38629 89610 60434 69232 66175 11330 80223 15813 42082 32649 35054 99274 83889 35391 66969 
3034 20
97841 86482 41881 65198 64825 67044 64024 31629 91869 88522 28057 18416 69266 50059 47277 25349 1035 70245 45572 44302 
7290 14
12415 91738 82954 25441 9800 29914 55529 33845 44059 63589 82550 44016 70151 40944 
8587 19
39498 75555 47251 79082 61852 32612 2274 44756 96446 89433 37892 35465 64378 61696 56007 76951 62910 4685 67325 
9406 18
99586 96098 4440 34427 99666 71155 61266 98798 61376 21450 61802 37802 21811 50040 99727 38995 90664 5841 
429 18
46763 22388 94069 74594 7651 97297 65576 34658 16011 90776 52052 69309 4563 74800 12563 9338 98693 50240 
1676 15
84112 30131 54584 14419 18676 63290 47734 76968 26087 80095 48718 71950 64768 97222 99340 
2019 12
65795 19719 62081 93659 58036 41804 45876 62269 52019 71834 57464 19712 
2049 17
20983 8782 79668 75571 13521 60204 9086 49714 13156 32306 22890 35266 8094 98753 3273 58646 8173 
3290 18
79759 3676 28385 91742 14447 10959 17413 93512 43961 81172 84907 33484 76 18661 90740 9508 82662 23482 
3954 19
41484 73483 90743 53931 26948 5135 43546 29964 72792 34879 89107 73802 94482 41916 65492 65040 60846 82309 19488 
5936 11
61905 24757 73646 92677 31577 98471 87645 54030 88899 74687 10349 
7954 11
91676 96374 10657 82077 1340 154 88317 38185 44258 66778 19268 
8591 18
58214 49613 2595 60237 60267 92938 64419 94483 78446 30074 4367 79328 31112 55863 84079 50910 10379 31632 
9574 19
28041 59397 58472 97499 65428 99574 46276 15704 23994 30215 10510 2343 5934 62810 47383 78540 58606 32523 93797 
835 10
41540 1114 80918 47344 52667 50444 17674 37860 91543 48122 
993 19
83276 81791 2896 3923 62743 61584 76936 1939 96099 82869 98571 65658 73605 73163 98506 93522 15551 5913 37640 
1234 13
18424 63663 26014 41240 37480 90492 51252 92287 63135 64852 17433 52546 75509 
1618 20
16210 36 43601 27330 81907 59552 39408 52505 89628 37148 2216 97250 19733 87687 30245 34808 41190 98289 59773 30016 
1752 20
70743 56345 3907 40002 78980 14089 88425 67044 6294 66285 50923 30714 3970 32922 63175 83265 97137 226 14251 34219 
1844 17
19179 54363 67700 69508 22883 82730 20577 3226 47525 98585 92028 32769 28593 67733 6335 84941 95886 
3201 11
86729 69498 8566 89925 51060 99450 54403 62462 54824 30259 14868 
3394 13
93786 64967 41598 2863 58482 10938 98924 10310 81118 95135 54203 15939 39436 
3564 16
45590 61102 82267 90183 83454 73121 62024 92079 50257 22124 85539 67647 5687 59508 1094 77305 
7045 14
64734 20267 48410 30104 40769 46945 50528 53886 15855 43027 79991 17983 70445 67035 
7726 18
85737 26720 44950 44524 65491 52019 91734 51359 43404 82992 63936 29087 88213 9587 61424 84050 79952 27 
8412 13
63364 3302 75065 48935 38169 71832 47400 74206 3224 65076 88384 69818 96599 
1041 13
80354 23470 76267 39044 76719 93566 18919 57473 10289 73870 94426 14469 54408 
2331 12
86018 79548 82730 35191 95845 78051 99841 7728 77431 47495 67429 99421 
3774 19
9862 45267 74696 39444 74135 78004 4848 64044 31987 35652 12810 50395 28910 64308 62564 87531 16820 18594 99852 
5289 10
56230 52704 88023 74067 37565 66836 54067 62287 24795 47566 
5926 15
59526 18542 34786 66234 87561 33209 71833 97132 52752 86784 69838 40395 78639 78192 35943 
7076 11
90988 56881 57314 16937 50088 38997 18119 18364 29780 14181 6424 
8616 11
38917 65752 68422 78358 75987 71062 82814 96194 38923 97818 70430 
9302 18
35617 38601 85673 43289 85456 83431 8397 16179 6648 20060 46052 24685 15916 22657 39129 31657 23442 44023 
3129 12
82080 18267 1713 89159 12663 43185 48444 80444 97328 90576 30920 17512 
4131 13
98570 4836 27471 22028 41250 24381 75013 70893 45591 99152 90919 30117 45653 
6246 11
49176 72842 52410 9343 33834 77570 28024 12292 35090 47975 68475 
6355 16
91485 10185 44783 31177 56480 62766 17030 50907 94618 65387 84084 20133 70258 33872 41965 97645 
8572 19
83108 53430 35534 54514 64529 29877 99978 82427 88489 11908 93536 69201 96767 91093 61981 22464 23157 12537 5616 
9596 18
83441 51612 58817 6407 24317 74803 52255 36722 83745 350 82845 62020 70628 46877 36022 92897 28257 68283 
9848 11
25141 87308 19154 50894 19846 78222 50014 59308 66696 31778 38687 
1014 17
37599 46274 65429 74634 27325 7927 77146 19587 41197 55274 30283 76791 21950 67950 74625 33578 62913 
2162 18
54155 44531 33165 35593 66269 81932 34879 54449 84861 31401 63614 81610 42376 17961 54504 49668 31645 93034 
6995 19
10252 31952 59224 36061 61402 19352 64793 91388 88527 44045 59001 79584 31004 82356 7997 95925 28301 69744 65061 
7496 16
32602 19343 41918 1708 11057 42525 79063 72242 83511 18581 42372 65539 15189 89302 28470 31034 
7515 11
27885 85042 5656 35357 1370 63763 13034 61005 32430 77803 32060 
9106 17
62653 55477 37095 86033 88686 44468 15789 7416 33723 38499 16225 62637 1528 11562 97799 66450 44677 
9266 11
43016 79672 60879 34632 48502 35622 56308 21046 23035 41799 36294 
2021 19
64069 12950 78468 34561 51017 59167 74288 37960 32198 23418 35269 71534 81421 78156 37252 50373 71286 27794 1843 
5254 17
76406 14429 37471 56542 54325 28576 16734 41281 36272 56823 56441 77475 3033 7143 12758 19128 86005 
5292 15
70906 56218 94883 8503 47875 68171 18357 79406 10177 6050 63012 35718 89811 55383 30212 
6218 16
90010 52549 78879 36207 93996 66609 97296 70536 26004 11167 21458 18018 9772 71790 99660 28704 
6374 14
96364 39290 29970 61458 73713 46438 18203 3336 74859 82233 19661 1633 1683 90465 
6396 12
72098 53076 67310 16288 49992 10810 14039 68119 80236 28919 14995 71240 
7462 14
89794 90555 78618 66035 87495 33266 40274 21703 48573 40006 88593 20559 2181 42276 
1952 14
41925 96773 80224 42604 90973 61733 63474 33240 31511 57365 43701 91043 71355 12985 
2984 18
1455 63935 74210 36968 2953 52854 98914 17016 37544 77802 15268 99933 71546 20223 65932 911 71432 59464 
5785 13
743 61578 93967 45889 51998 98075 27873 2722 90539 13117 8518 97065 55510 
5891 11
18676 9692 61238 45755 33983 26637 36973 89445 2756 25350 48017 
6340 13
56010 60536 35977 9906 53228 4957 83042 94994 60749 46063 13455 60207 8151 
6980 19
57447 345 86902 10247 18909 92148 52865 25220 57681 23837 37419 5705 40284 5817 95986 96257 46236 55463 53205 
8649 13
45589 53719 81110 94712 25295 89830 30396 89832 26555 68823 61716 62417 33636 
8678 12
71282 9158 55365 91413 26285 83628 38243 50886 10741 89380 21770 24193 
8841 13
20256 60487 17203 9894 85002 33631 90949 56422 51934 68411 36520 84550 72659 
645 13
35601 34872 47155 26267 3243 41048 19778 6448 18510 29121 98599 55001 84181 
907 10
41567 65743 94303 45218 65891 47831 74734 38694 22820 36274 
2293 14
88376 61567 66863 9744 45466 89524 73439 34447 61028 8227 56425 43317 92725 98604 
2776 15
18378 45737 39135 20680 51496 85673 50711 12978 12399 6571 59690 78989 21246 93717 29441 
3412 12
17186 2961 69278 62816 35233 78420 18833 57935 19567 64487 42162 5991 
4749 17
61905 24773 26268 13811 57605 21535 44007 56596 82221 75299 16155 77302 39743 3103 38677 1428 81797 
6236 20
97316 21997 23755 31748 6736 89011 67257 89773 88550 71100 43916 49075 85494 37495 74537 26472 72514 89336 46152 95663 
7736 16
16771 17270 13898 32385 1616 85917 63164 77480 7897 69643 51154 94907 99773 56439 29918 90159 
9143 18
42356 69322 67560 40948 88337 96999 66006 52799 57260 91287 13122 88929 85265 48011 45158 25932 60772 49178 
9641 15
79147 22138 78078 79482 91071 77591 46240 52231 85065 56583 39752 90634 13853 91498 95066 
2350 12
19798 36280 36697 60978 20453 31049 92186 79745 70 73379 18392 44605 
5971 19
33269 17058 89985 59170 26586 46878 29902 70249 66882 48281 37400 83747 36326 74513 30555 22971 38344 22135 29132 
6378 12
85709 63749 97554 73365 77298 11653 42644 49726 25257 36286 2759 50575 
9676 14
89472 96170 94138 16635 52718 14940 24654 24519 14601 70745 43234 68280 92518 93929 
111 14
97759 78382 8792 45472 79430 40466 1559 61427 15253 20320 55457 38153 1692 70445 
122 10
55902 13385 70053 12344 78834 47800 37843 98090 22078 89613 
1864 14
33943 43957 22717 52248 96511 54703 94551 18625 46864 80808 35086 78112 34568 30623 
5134 15
62796 10421 97582 79664 98153 6727 41570 68890 73307 77120 78271 41345 97031 93992 91032 
6241 18
88617 86442 31889 98014 66639 13562 61451 12416 48146 66575 40351 74814 21600 54471 25240 42960 40462 36531 
7989 15
4181 33147 95793 92114 86559 39418 25304 46347 34694 12877 46874 31099 6800 80808 22925 
9255 14
82545 10121 87929 69499 33025 19731 29485 1875 40739 14871 12490 54473 17705 80757 
383 15
4887 67988 20909 82241 928 23838 54707 92070 32051 91316 69734 94186 94394 88866 4838 
637 17
76965 47643 81280 27172 85689 36630 76310 55018 86656 40066 62392 69260 53337 63248 57881 33750 31175 
678 12
47622 36725 31520 68211 8939 14878 47386 17194 84236 94664 33440 85487 
1742 14
58461 55744 49286 94946 41731 80433 56059 84870 57061 31796 33803 17314 94839 14368 
2585 16
98609 9928 2636 26261 89694 66719 13156 33351 17454 6193 1673 67056 11139 18339 34582 6786 
3101 13
52834 67866 27359 72667 9716 60810 99413 24957 88803 77971 34435 6878 24305 
3607 14
27064 76851 53176 83853 91775 71238 26689 3480 56818 57568 44785 33124 29078 35202 
4609 10
98779 4505 31435 23197 88403 14716 64112 18618 27165 45675 
5088 11
1326 26890 50196 61135 71470 59896 17693 22085 16112 92961 71975 
5525 17
91800 64360 51593 77308 72008 37553 60775 75965 2694 9905 93457 53555 3297 25763 985 73677 28392 
8482 20
16809 15793 56376 80066 48488 47033 84574 61594 37324 67501 10884 79819 81431 57165 35307 63112 73754 78597 96977 70288 
8890 14
96640 3650 30752 14151 29939 42631 79810 98464 15643 26620 5858 6725 63102 36749 
142 10
29870 69776 44876 41397 72905 25320 70926 52504 27708 23765 
682 16
44613 97980 84194 3557 67458 75338 33000 68424 90207 93357 57490 32681 47847 45690 88473 6927 
1550 17
38858 3571 18735 94711 40400 96794 55633 33528 76247 32205 53781 9830 95024 39689 27391 46278 68279 
2427 10
88118 90369 20810 93108 43798 69666 28599 20418 42610 2173 
2508 13
65240 11189 41036 63695 73503 25993 1316 89656 92124 88179 48357 92510 90784 
3467 11
7214 8128 78552 35798 48225 4713 89685 36992 90590 56363 28997 
3818 19
55017 96670 825 37897 98521 75954 30574 63719 24980 21513 84791 88240 68854 85029 79850 77664 82884 36133 40684 
4367 16
62775 87161 92503 65627 72896 69318 44992 17410 55056 16329 83027 8973 27337 83811 17724 21917 
4582 16
98085 78386 86592 28841 25238 93482 23834 34486 67075 29228 36441 82478 60147 88897 79193 52467 
4891 19
4689 28246 49811 42432 28267 23732 74078 99788 35489 23737 55497 4718 28857 45691 38593 68083 81515 95816 4167 
5095 16
54888 74182 49580 23429 57603 34202 72588 35743 35594 73565 9341 2442 10740 42635 95402 17113 
5664 19
6082 35355 47216 26666 23990 74449 56387 23238 92874 71750 64089 79939 89379 59453 62042 46966 99451 48407 90558 
6715 18
1147 92033 75926 67956 26822 98111 21077 34769 68116 3598 95314 94724 69349 9544 96008 49510 70288 35878 
296 18
18353 5286 70315 95246 7083 32470 44461 68972 18247 62489 80421 9523 34131 34006 20885 13780 53679 13112 
301 11
61545 51829 12478 97084 97823 79443 59599 43797 27535 32502 80619 
1181 11
74718 78261 12567 92124 83554 28899 4193 28042 27377 29214 5320 
1922 16
12422 61330 26616 72825 93974 56722 65637 10999 13471 83563 33006 47480 46302 78341 66594 28272 
2265 15
70665 79060 26519 67068 91725 79075 81633 61153 40925 21588 84763 2187 19445 46964 88338 
2366 15
90125 6938 31925 78503 93864 15075 49368 1659 39807 60684 51078 1973 49331 65455 77114 
2798 19
36023 2298 51701 3363 79291 46101 7485 96876 39151 28463 58337 24639 25320 74714 55073 90997 5547 13972 62930 
3623 13
74106 23510 89642 50416 13622 18974 75668 53344 54320 2417 10805 56935 51326 
3842 10
12400 77934 74548 17500 78320 8859 56888 27533 59453 10751 
5272 17
82744 50995 8396 44610 79790 37519 38740 37339 49264 52185 83652 18631 14946 54677 26000 6228 37152 
7987 12
10682 22739 17843 44951 9875 7106 25691 83873 77014 19943 25794 54411 
1507 15
958 63316 30098 9953 84089 90475 70437 21198 14531 45804 54791 23003 44935 62551 96383 
2224 17
56122 58266 99336 8599 63440 54079 21346 12718 43924 50268 84004 995 21783 50479 90958 41920 51945 
3892 18
730 86775 92764 42265 87941 12462 32622 80893 53692 22403 71082 67317 98800 62900 94948 36386 99035 20053 
5094 18
64846 34413 24566 4146 80524 88548 67580 35148 35863 45437 49277 73576 68166 59218 66827 42126 82605 31735 
5281 15
3255 99717 5775 30916 14677 85547 22276 92374 33046 53940 86086 60825 10224 29553 85487 
7662 10
58105 93983 92383 53145 28245 47131 97709 94080 81018 27790 
908 17
58626 95934 30744 69632 91148 95210 14943 53434 46361 20747 18170 70282 4979 79850 40632 6822 10315 
1731 19
19645 2408 76857 44982 84056 4499 26296 40693 26239 6756 88863 68097 9773 62603 58646 49365 45653 43551 95703 
3212 18
44512 55051 17078 85403 3318 703 88836 9199 98398 29924 26592 15474 75898 36599 17702 4550 84954 88095 
5156 11
92323 90351 93074 14426 52173 49531 60653 62996 71747 32131 2718 
5393 12
66121 51831 8062 51966 89816 60745 18262 47244 35666 10718 59661 91217 
8262 18
13390 95669 54072 77806 48142 55618 98408 78104 4437 30397 74958 11053 48070 38939 34545 48694 60403 14172 
9432 20
42127 16250 36104 1915 34357 76675 43546 29522 89583 82880 69921 96975 11793 11634 95835 81542 17858 56335 98418 2249 
2079 20
22275 49369 87657 72866 58472 24382 96654 65350 60294 13037 49627 47464 9323 10174 3333 87813 87837 18985 82091 81842 
3254 18
83955 57953 2431 39232 73371 34267 31018 42335 36659 91770 9197 37406 31947 73943 31863 7625 67333 16018 
3459 20
97886 53358 28136 12206 10876 65964 55157 71217 75515 87562 25755 17120 22522 24874 57400 8575 77920 87515 1678 33307 
4014 10
62085 39304 18497 51144 36549 20704 45552 89780 96015 55607 
4068 14
79609 48269 25918 93308 75385 24237 53021 53856 19220 64187 73470 46190 57186 72005 
5159 17
14772 21122 60365 35207 68138 18426 96577 44456 40507 53252 28051 91427 33771 72289 66428 189 48536 
5630 14
6924 14840 41045 20951 3638 42676 81208 71499 41158 32621 69505 76596 9807 15318 
5847 11
13962 7677 21172 75122 42790 17810 22601 9141 72568 22096 64299 
5950 17
63389 14756 39675 3008 84196 64882 78148 2055 13810 79797 1357 8827 91878 85222 30523 42850 25452 
8259 13
17142 40306 39833 3059 22088 10457 38499 88886 94676 5506 50849 97998 58106 
9305 12
62607 59824 61850 44751 20930 82515 95658 90253 8333 94107 67681 13544 
9517 15
65632 41155 36928 25943 88018 97254 76115 91100 51558 58949 61144 64422 52964 97001 24720 
9767 17
65146 63897 49889 67431 87193 25318 49839 20073 64491 27427 87893 18458 51380 20734 95529 84385 72338 
2109 19
12460 81350 35173 32541 39183 60640 53156 84424 42324 82880 9177 64071 31327 43212 19152 16081 53017 69361 59548 
2151 15
27306 66458 18408 43102 90935 81858 94655 89199 57231 21836 32336 42867 12005 67340 61360 
3065 15
67243 18806 72236 54699 78668 57986 57157 13897 9538 61023 57679 46943 88681 36925 27791 
3074 20
75486 61127 61306 63173 40967 24574 15175 21746 88537 45069 28384 92498 32454 1016 81360 88267 37009 72959 82820 26264 
4100 12
74854 87147 44205 18176 68742 80240 18669 73240 61020 29972 35103 51164 
5458 10
98801 76266 54394 4456 80526 29942 75330 98 22777 21729 
7159 18
84160 4463 38087 66644 99647 18427 79578 130 53138 7829 39578 72887 1623 89347 92431 84649 34573 78410 
7534 17
23357 60646 15974 70731 62273 12910 46911 47444 75223 96584 63250 57589 62332 65621 42500 57846 6159 
8363 20
12905 13267 421 17958 21457 21268 77027 90492 79757 95698 4338 52197 58215 10067 24495 22066 8218 19297 75160 86460 
9013 20
92583 47364 49605 56551 46927 64041 73728 33431 97195 75957 52400 41657 45327 23750 56101 63012 28809 88859 79910 64716 
9701 20
86794 82937 15834 8182 31118 72243 83698 51074 62016 91110 68342 2818 15781 31395 8094 1052 1525 25174 27268 65966 
579 10
67171 12219 40520 62224 42065 45252 75165 71023 66917 49017 
1269 13
7718 31493 65737 84144 21019 65460 42034 69219 16327 83487 43551 83339 88351 
1846 14
59613 76664 71831 33501 96807 48915 68503 90456 96310 46687 1576 45443 88545 18047 
2714 15
52974 60652 1865 4870 77069 88007 18199 26672 61915 30171 20559 38324 243 16027 88095 
4351 17
55224 46112 69918 38794 16849 79471 87581 74284 63437 11978 46872 91438 12710 29015 62473 19361 39778 
9070 20
12301 12507 78622 46400 22344 78830 78692 18941 95459 41616 34078 48849 18933 28391 34749 79699 50741 26864 95623 1833 
470 20
72346 65050 42465 72655 54586 60568 84652 30681 34263 84978 84614 85789 61793 7128 71140 83487 75916 50532 34110 58852 
486 20
31791 77753 78122 28477 80033 30785 32434 21153 92546 17824 1886 74082 16438 57487 92872 70433 35600 62384 4790 97830 
1028 10
6622 60552 44539 92049 4225 77170 98360 88525 46773 48004 
1516 20
38377 86602 26779 7187 93938 88346 25771 99725 35392 96431 54631 75545 68551 21851 65931 6026 25096 28928 89052 74133 
2317 15
61382 60074 15438 75328 32673 41224 70890 10806 85883 66434 38890 65696 82056 87402 20878 
3399 16
76703 61191 22569 19469 35323 48438 37944 36676 64165 31740 40973 82928 74295 10465 35814 28034 
3418 15
48325 28143 96870 37794 67750 65342 12207 39322 4314 98243 78891 21134 92780 8222 19757 
4383 18
12670 56820 15791 93416 81907 6329 11447 79012 14272 40441 21265 49762 51153 92898 64548 37770 88191 3660 
4661 14
51616 3276 429 97597 10589 42756 84872 13396 81821 24216 81257 21867 72713 17597 
4742 18
87984 22189 8825 31916 80334 79458 71030 40125 31598 1743 19146 10573 45484 13207 96223 93082 71519 56443 
5016 16
50570 71818 26797 84538 11671 65166 29307 99707 84141 94353 14204 88305 23219 22775 18744 20560 
5836 16
15179 78095 11646 29682 59628 16605 69869 29522 47206 4677 64724 93283 60268 99548 21366 74107 
6285 15
83809 86974 32485 24073 62169 86520 14578 93151 94245 41241 50044 10521 96251 26159 10892 
6367 19
53725 85339 4138 46085 55688 59315 51998 55679 4513 12701 51554 7512 41361 74113 68008 18716 95063 89772 8507 
6805 19
59020 20240 85071 51279 96088 7080 6252 83935 72651 49444 83178 21120 4740 12320 12103 87313 63182 5852 8175 
7039 19
71440 27899 20064 76407 70713 72967 85555 77076 50114 83474 27978 98041 36815 42519 42126 35573 77918 67834 91512 
7594 14
68793 89472 66250 48297 84674 85279 18157 37384 74153 75342 72978 29280 10648 70307 
1037 18
83452 86998 61415 23309 90382 97148 67113 17608 38137 90410 59650 89697 11076 43317 46511 59078 36246 91667 
2047 19
10296 29083 94556 19298 44463 75223 80520 5708 956 37522 7932 75276 28650 81296 16253 85450 65400 16869 31450 
3109 10
77712 50905 90908 52392 93747 5398 70931 84480 1094 89613 
4914 11
64661 89836 65108 16410 53581 98086 26633 51134 78860 72650 156 
5427 14
96387 13678 70834 37203 28677 75811 95337 60495 16191 33340 92912 78939 48764 25335 
8186 10
45298 75246 78862 75208 38853 80745 54686 20166 66406 4106 
8328 18
1788 28629 45518 86436 42852 63526 22131 70422 45149 76330 74458 9753 8882 17414 46690 3549 92596 86907 
9643 13
41542 52650 38126 74217 7922 10389 9887 77608 63647 80901 46820 20495 89827 
1023 15
30515 43370 99039 55186 83452 61112 89160 97587 27354 97098 85591 10828 94739 51587 9084 
1549 11
25013 98461 61854 52007 5245 36648 92602 39536 78457 47431 52239 
2006 13
42447 75657 96719 42790 27157 79411 88446 20664 3964 36998 16873 96323 94498 
2346 11
2355 90132 33916 75265 5214 23022 62638 38852 22001 3616 90784 
2359 15
85810 52615 12451 28632 20678 19053 83803 63497 98686 30503 78319 14067 60259 55889 9508 
2610 20
71113 48745 10458 11071 30494 52297 53356 25060 74761 7820 4174 66708 89240 48043 39325 77032 49113 61304 65479 1382 
2732 14
32601 16158 30026 45352 12612 61549 55683 58308 48868 17453 60437 34513 96872 98643 
2863 10
72313 19056 95997 30562 51663 855 70638 11046 99870 58684 
4193 12
24403 49397 34675 99564 97482 52011 58278 29869 51587 8596 16068 82470 
4460 17
96436 8319 98425 25169 21702 69675 12804 42973 35789 54694 36327 95798 51201 43208 56836 82131 76084 
5523 19
18711 31675 95018 17531 64293 31078 67081 65454 44354 48363 40020 36834 80571 33580 89131 37009 20012 82572 74547 
6754 12
38055 60674 9716 47046 54195 64971 6136 57188 69574 73946 16462 48874 
8279 11
24737 82502 63624 79437 43322 32039 98543 96414 73237 11213 63029 
8384 20
89482 81966 34713 69826 37923 4986 54344 45614 67804 84933 15212 67329 24067 84313 79781 90223 71023 27699 76168 29310 
8490 14
11887 1738 5462 74268 6575 82276 6067 52199 75442 50163 72199 48919 70466 12447 
9092 14
14305 50047 61446 4727 83350 43902 33002 59636 14736 52279 39395 56179 70866 27133 
9829 19
70861 51779 47315 11205 1070 67231 32779 97558 21391 47730 3990 75869 20136 77453 64120 88487 86822 83501 56041 
9927 12
79254 75180 87095 6495 6861 30544 25242 79480 74206 62499 62049 15046 
427 11
43303 77656 98000 92463 99282 75089 50193 77837 44066 97772 40282 
2214 18
51556 75024 69665 94368 88742 59288 36172 45646 59437 21223 25274 69006 9236 37980 64376 5449 6515 71149 
2467 14
79900 79469 23946 85069 5245 18572 31267 59639 55542 88573 61611 85154 27827 70304 
2470 12
39710 41697 90674 56202 76510 1537 84926 17111 63724 55965 1465 41551 
3859 15
17275 76163 24656 51337 50188 22248 61686 67990 40901 90034 67860 84076 53180 30049 13583 
5465 12
78779 7394 61574 15842 51954 32846 35703 98642 19351 71758 96489 93477 
6433 10
20039 96290 43014 95832 50867 5961 93327 5910 39715 10557 
6536 13
98272 87706 87480 24902 63845 13986 39187 19140 32258 35677 66779 42673 91558 
8174 17
31207 16501 70524 89563 25361 28054 21511 17294 86736 70808 96761 609 1372 13926 52739 77403 61041 
9463 13
4551 5247 29093 33674 20179 21219 77451 42681 71472 12448 69491 30440 43157 
1064 11
3696 68709 43738 519 25526 58305 55237 51195 30403 63948 33307 
1500 15
75446 40574 9293 88956 68817 14421 19342 8147 82465 43054 14209 91043 42562 28932 65605 
1565 17
5130 72597 52008 19907 82383 91398 32549 71487 29635 96150 85015 97056 61342 94823 34472 21345 60497 
3580 18
22381 24670 84211 93285 47553 29107 58325 12403 7837 33000 94672 88651 43312 74033 68291 26308 15914 54485 
5050 17
7328 6422 36060 3928 58581 93662 34350 74916 81078 39820 34949 35893 41597 87247 99354 47576 82370 
6197 11
25777 4942 16497 19843 63095 6879 25315 16441 442 60903 25916 
6899 13
66595 36977 14246 85529 56318 66671 7382 85338 83721 10095 94621 51050 95073 
7254 13
93710 45426 41589 83177 63468 74818 77930 43247 28004 57522 31243 51035 52026 
8033 18
87991 86261 68909 26887 85106 64948 73056 99271 41502 55854 46948 29245 88568 44501 38348 90525 8024 2919 
9060 19
21954 3631 47744 28418 51498 39421 2832 30539 73534 82115 49125 32288 58438 15588 75184 78524 85768 91847 17460 
9208 12
28476 88985 99956 497 39015 91296 76851 68199 83127 23102 60684 34691 
440 20
98786 88277 64025 52208 90229 29751 52863 22051 22669 81887 96386 14865 17196 51407 65068 72845 75875 22116 92904 97381 
1963 20
36653 33341 61203 95370 6107 70641 41207 60410 65636 41602 85379 27447 41118 77314 53039 21730 47421 22925 41579 36219 
2365 12
82901 65862 59144 58568 97762 711 92877 11106 86580 90331 88611 34759 
3415 15
56476 57367 68404 68213 5836 61919 67042 9039 11174 51104 10811 15130 76940 55114 74564 
5109 18
81424 96380 76521 21327 9836 15093 67954 75684 54197 76245 17428 67949 25417 4518 4675 25680 74113 27223 
5830 19
19095 88894 48468 72095 66499 69900 6634 24291 31295 78890 66515 38494 72903 72476 13259 23539 12702 78489 60649 
7312 19
18369 23031 27440 33892 61897 39265 58254 28791 88202 12197 94242 61924 47154 12490 24747 44421 62565 49967 50617 
445 17
47090 18854 55148 69678 2014 32384 36172 35349 59344 24482 64459 92413 86612 90346 24640 14411 27036 
559 13
47217 5788 56575 19849 9269 84609 50412 3448 87584 45994 70353 36910 7190 
604 13
16250 19444 76575 99172 18628 76134 80612 32057 46407 58896 79703 29140 53894 
3331 13
54908 87848 13829 34050 22790 37966 82845 10894 33693 47058 65361 96228 69768 
4681 19
74710 88926 42506 81294 55202 25106 36866 35887 83177 50545 72529 74041 20058 26436 9211 8956 5920 13242 76932 
5831 15
76089 17174 76735 55356 76554 40620 84279 96040 15833 53142 81700 25105 93820 44995 17638 
6143 10
5386 80557 30869 9630 92125 13865 24134 31317 7701 85209 
6470 17
28558 55265 97384 1969 90831 22269 1076 81962 52709 64147 97803 18006 35795 50052 95501 20950 52430 
6484 19
65804 2347 30527 87186 86189 5028 26862 50057 3922 70009 53319 91647 66040 39787 6410 37335 22878 64720 73073 
6717 20
62589 28162 52310 25539 40088 26392 18904 87993 68371 32544 83653 41992 95454 2492 14982 74352 33661 18367 36096 81339 
548 15
53466 87470 28077 74869 1969 30740 32263 95358 87751 71669 47559 54149 52961 4373 84013 
1139 12
19263 80578 59678 24234 33173 13159 41635 1884 51672 46215 63126 20382 
1176 14
80163 63336 38649 84570 57842 46632 35942 58895 85015 91541 7382 91262 92171 17553 
1842 11
50234 64327 24906 99442 92422 40130 86868 20617 8019 81506 27023 
2515 10
97474 28199 69729 72239 54834 21342 90178 78082 62625 50821 
2675 14
91568 20321 38806 87522 928 27564 50380 20859 17293 75092 76632 6623 82203 61797 
3473 15
2789 87775 56850 95151 29757 69252 89557 23666 16736 32208 97635 28388 74712 58628 34460 
3941 17
68285 81858 80541 11777 28017 82345 8724 16478 67271 41397 83562 85941 41179 45541 84220 22286 35672 
4490 18
6041 73008 88257 39788 73041 49258 94608 95526 19038 77937 62514 44635 83630 70238 16060 81386 71337 58202 
5451 10
79931 66624 98744 84441 84604 11394 96027 43091 97843 24619 
9625 12
88406 20165 27580 1025 65021 26530 21114 66867 98953 90557 42253 80192 
237 13
62161 95786 12804 7343 82791 80910 31849 86725 67478 73477 88352 91842 48154 
283 16
41323 42973 69277 2751 80348 48462 97229 17523 17747 66568 37540 89784 20758 53977 97389 34533 
465 19
10458 43614 31246 27856 57715 48125 43640 5493 1139 82793 39961 30843 54490 666 22169 11588 4418 36875 32334 
1398 10
103 62751 75665 19404 76576 99371 53546 71375 68616 71515 
1661 20
86486 75322 41620 35534 88907 24792 51298 61243 99581 39745 11558 78657 54200 63329 31834 38934 52131 148 85544 24511 
5030 20
43874 63887 44278 19728 98456 99897 42899 52071 36144 30735 57136 10444 90423 53718 82133 1763 66633 8186 35724 36814 
5956 18
89882 18497 23111 34372 62969 7784 93419 83263 92215 81811 65480 66314 57377 51647 33959 1566 73217 61150 
6739 10
50698 12013 22177 32677 56487 54695 60521 32314 49017 78605 
8632 10
43668 14281 4011 15455 57931 84600 77491 80526 56100 12150 
201 14
9003 10122 37292 59402 43702 97865 71506 16015 55418 45238 71461 41939 22782 36432 
1826 18
90765 55687 9471 83483 5968 21512 83776 62632 17481 20399 79766 38060 26070 64048 18765 66497 21922 83330 
3022 19
1628 18402 73124 6089 12561 78659 9564 79857 30140 88733 61920 14072 6448 3416 90683 426 25983 59416 38872 
3461 17
95085 80472 78432 58934 57471 79482 66513 80802 24671 75743 53146 83545 86615 63594 52546 45251 64719 
3962 13
65945 97899 84159 20584 72827 20353 80896 62747 74529 25172 29084 83948 57824 
4246 18
64689 81796 67222 59780 38259 42037 53527 44035 66005 32000 84822 4405 8708 21451 75618 23821 9858 79660 
5475 12
49320 93378 78436 97530 80711 58240 50627 61387 60277 19059 45774 99610 
6346 11
39747 86061 31839 30385 80243 53784 33365 10844 86457 84554 67514 
6370 20
25601 40362 60385 43840 48312 84683 3501 93433 94898 93870 32566 91160 18097 34253 37690 32239 427 46583 88380 33734 
8965 10
3308 7337 9911 81920 22790 20994 13636 99886 16050 91862 
9163 10
57111 99903 35283 1486 9077 61298 34883 18853 17015 54751 
9350 16
74829 13875 6068 43367 71689 71105 97322 53856 73293 35891 85579 12312 73452 86116 21805 52026 
1394 19
63950 24054 15102 62801 39712 5295 31292 7515 15424 15018 94512 77041 54932 66090 88850 81438 11683 1096 2359 
1481 18
39013 18694 80569 95592 18457 33411 69948 3516 23414 42698 74128 78483 6691 2528 21795 89739 57324 74501 
2941 18
15166 6628 87413 88228 66681 99409 33092 39976 23637 39396 93261 84005 83131 4640 74413 48683 60521 26702 
3921 17
74507 85820 86890 54401 89729 89556 63852 14659 15053 61771 43480 1420 45079 60181 43430 76490 46074 
4933 20
38428 79686 17651 1839 12876 20475 84850 79794 93439 23748 8786 26349 23819 14509 92209 67725 26933 94648 39705 20954 
5175 13
15654 6659 57263 31419 51604 74994 81030 62499 12890 29872 70139 886 34740 
5267 13
73395 73352 96472 63954 41858 16034 33916 71531 29287 83759 92067 75161 49017 
5712 11
26306 57198 23199 32655 65409 38714 3449 77170 44794 5529 79116 
7144 14
2316 15389 1796 31277 24144 33668 10946 5652 5314 37322 18744 24640 49510 14823 
7468 12
67830 13598 96293 44624 26244 68262 33073 85876 71658 82111 6968 37412 
8255 12
19779 98629 79527 52136 77426 35282 2880 2022 26522 7886 94380 49042 
9193 12
85506 66783 29690 73559 62307 75042 71885 1468 21708 53114 66708 57728 
576 12
47697 35571 22253 68442 30843 16664 35371 39389 58222 61498 96841 27135 
1924 12
93873 25447 18224 97887 14053 83603 27490 43103 51494 84775 21520 96748 
5282 15
26361 88941 39097 8636 38026 53797 32451 17716 24977 1157 10608 96763 29560 89398 80965 
6153 18
9862 29233 60960 21525 72700 16235 51064 69519 26120 75433 84343 66107 99823 74845 66858 42225 66969 3584 
8657 10
2549 31294 34330 47553 63005 4513 54973 68039 413 14330 
9671 11
90304 27758 92380 77785 68750 78821 55891 12328 18246 76265 32937 
553 13
14976 47859 86338 11263 68602 92964 17475 99737 94079 4588 41198 24031 85293 
1630 10
14764 20363 85785 36035 82512 30501 74771 44063 84827 4576 
3080 15
1883 54164 31977 6733 40481 78611 64673 31796 3671 87054 74341 17256 20809 69934 81404 
3190 11
92758 34229 66225 81909 58233 89532 69330 87931 44637 22820 77446 
3234 14
82700 16414 63563 22305 33830 7000 93421 56990 83097 78255 36246 33474 68210 23146 
4472 12
13360 6311 91501 96709 74212 44076 24982 77229 35070 68847 22 11639 
5340 13
82085 20765 39074 36370 44919 77868 79681 11811 24410 13309 32426 32801 99852 
5895 18
93298 23350 18396 41462 76260 9376 32811 10235 98518 46911 70738 48597 26288 11231 59011 39803 24176 85487 
6830 12
64853 7267 41918 25155 85319 30528 54113 32837 71662 32399 14016 72561 
8309 11
87002 46184 66856 32245 79288 38327 70486 42085 30968 57734 98974 
9250 14
13243 36413 401 50572 47229 40283 26902 56990 22362 81473 44363 85035 91350 64333 
9836 20
93608 63244 32046 49563 34747 37094 10156 46523 65991 54368 85288 84746 92220 72558 32683 86374 79991 64956 78858 15151 
9850 11
49905 85252 334 51073 47762 37533 94545 92769 40658 48557 38706 
1004 12
70011 99535 77426 40950 71759 19231 24346 62479 71234 2399 7509 87426 
1161 11
6615 47289 35684 83258 45754 50715 31630 57095 17614 24904 41509 
1559 13
32310 94008 21448 49428 91615 57844 44809 13735 52328 51878 90715 83093 48838 
1800 12
81760 37546 75484 62440 88329 97417 31341 39404 29997 24025 51532 62554 
3428 20
61709 39161 63123 87468 94797 25787 53296 56796 71379 49358 97430 49856 88298 44929 51354 36727 69864 28439 47401 612 
5724 19
64761 19536 93722 9003 91251 4331 53478 89956 13122 16663 3319 12844 43701 8025 21401 72830 24578 63547 83428 
8738 17
41936 36519 10840 47390 69069 485 88550 33701 92795 2052 89237 42857 46844 1081 68221 20614 34438 
8758 17
36492 68057 24925 49244 60299 88026 5445 95727 51760 74958 18403 77120 17985 57507 45583 66675 13373 
270 12
73124 53802 99707 95657 68709 20521 89072 83779 75116 33876 97589 97247 
1778 14
97633 14180 71627 7926 51298 57572 68698 18685 37771 51003 98875 44766 18335 8363 
1900 18
8321 5857 37072 50534 16673 23406 71537 44343 74098 39581 85919 95164 79683 92978 84127 78736 63098 2202 
2743 12
61905 27303 23235 31334 57184 21263 8141 36887 89395 5936 5732 26435 
3162 17
46635 50177 40323 92112 90027 48889 56030 36009 94050 38786 44136 7200 26920 15787 57718 37771 45853 
4030 11
75412 91076 29839 40679 79646 16822 77577 86330 82056 56908 79414 
4160 11
52496 33134 2923 87595 49384 97979 45332 97538 55481 57938 82157 
5640 12
60344 20267 32475 63281 32527 466 23579 99638 22465 72413 61560 9164 
6057 10
67348 58911 63838 92341 72172 98002 82939 30803 23430 16604 
6291 14
52924 74083 61369 25589 41526 86420 43146 11669 76614 8733 83867 39249 31284 40227 
6537 10
62561 93851 89357 31147 16189 49660 34347 17495 33790 47626 
6931 18
23377 73187 93763 65683 60052 18835 42516 85003 93251 48385 67252 68001 27447 4312 87390 90877 57961 41818 
7755 11
10059 36466 8982 64581 60014 19806 33371 41405 55723 8084 54764 
8410 14
97218 14717 20924 8529 57785 19851 9937 59705 43529 41204 14333 8778 36434 7464 
620 17
17004 51858 27378 10717 63067 76139 30153 51771 11351 53525 52399 69387 86290 75530 90128 31142 33339 
2960 16
93223 63754 73536 45574 57689 51282 50442 36144 45342 86783 81236 87793 43250 55584 12111 34976 
3199 13
47618 98845 34905 68187 2875 11593 52228 88395 30461 55105 39943 50556 31616 
3740 19
70845 74579 70126 28429 37086 68795 40681 54151 58097 66815 89604 27039 16097 46351 96736 58495 63558 77835 81339 
6179 15
9863 70967 63008 52398 42006 40613 24006 23087 45439 3457 86007 9572 21339 30428 28605 
6752 10
1898 39855 2912 30365 9358 75042 4730 10413 79713 79282 
8563 15
74839 75383 48599 63806 34045 94453 67599 43239 52295 55323 94874 49851 35700 57728 75952 
825 18
72176 88894 37375 63729 32974 78064 83695 69306 49609 20058 19761 16387 35649 44047 62630 72211 9758 96894 
840 17
36179 11608 24554 12625 80803 13123 15538 49731 27925 80058 31436 93694 40919 4366 32726 56240 7307 
2816 15
38634 89651 48063 89434 43990 1099 55708 81484 98923 14992 28229 73720 45160 22929 10524 
3970 14
3427 37441 32750 80384 55053 90280 2949 55513 84154 88203 81727 74394 58686 1978 
3987 14
70107 43217 84063 75163 86824 10272 83090 22648 67400 95453 9082 78045 1696 74591 
3997 15
27923 6561 80548 5721 96706 52007 77846 91338 59100 51323 61833 19091 95705 58924 17696 
4273 12
73157 25865 55802 67823 42295 7493 9899 13573 75342 19273 50238 67891 
4676 13
51827 52489 58308 12589 59718 32880 90023 44846 48092 52453 19836 50741 11921 
4696 11
51178 13021 71248 22119 83870 99763 88240 34933 77041 54663 12829 
4830 18
31810 60012 9797 16188 297 38252 57205 47652 50014 12587 90737 52179 19407 43359 44469 65869 2082 90407 
6529 11
77669 86200 99057 18120 58745 18104 82118 40731 30945 76650 89299 
6992 13
38949 22059 19422 65452 93173 19916 57291 78207 18627 76198 41507 11808 36392 
8417 14
52851 52090 91406 90421 84194 59672 29388 48496 69505 95160 54051 5554 34207 15806 
8933 17
51725 96832 7347 56987 24853 55138 80083 12602 13356 81761 28327 13688 88991 15618 83958 72257 89813 
38 15
8915 10335 51190 21305 5620 40728 92416 45134 21768 40183 97654 96167 734 61902 42521 
930 20
76659 68975 31670 55988 8878 62830 69252 64149 64593 24066 24536 68671 30940 60154 32075 69882 98123 50122 77709 15374 
960 18
99227 46488 5744 96800 98653 69955 87879 87430 10369 79697 76569 84332 81617 68638 26015 72642 90819 4926 
1288 16
65587 73343 31277 72681 96875 68253 76667 44331 45021 75480 58451 17535 48631 6248 34637 23362 
1615 14
83953 50652 41881 79395 81152 79922 2039 98400 2573 16979 41562 48943 8743 72081 
1707 13
99351 23566 16890 49110 77883 77047 71709 24638 4496 60513 31228 49920 22165 
1773 15
61380 33405 93441 83220 70494 13491 79246 23778 56875 16687 79356 13988 18163 73845 68833 
3334 19
18424 49268 67012 28291 86180 9662 95596 87949 72123 1165 25209 78792 78535 74193 3390 8390 66019 52459 70502 
4262 15
99899 41660 95687 37766 2649 19258 16923 9998 66192 91301 22636 11500 20219 37079 99093 
5123 18
60536 26371 35623 32289 47057 18712 87570 44326 33095 44 19589 4620 87725 73875 94583 31182 22311 68230 
5983 10
63731 58448 10662 12029 50626 86527 43767 10734 88286 68601 
6674 14
11738 69507 33970 54100 72304 63865 53115 32297 80511 11514 84547 39489 86425 44386 
7056 14
11513 21399 44962 34090 98579 34265 26790 13906 59871 35195 31978 87270 50333 82737 
7338 20
20506 33146 95318 42876 44533 26694 67426 60799 12927 44353 22529 32836 41679 37339 4659 35371 84645 56161 84415 53832 
7653 14
81156 74280 7168 75607 63045 72832 87106 72998 96204 67146 46959 74535 15142 61981 
7846 13
51674 6579 46209 73347 72588 92497 93122 1542 810 73521 61950 29058 72941 
8190 15
60097 26622 69522 56861 56899 14996 71017 84964 33263 42732 71534 86973 63055 82179 46345 
8583 14
32317 86018 49025 38871 7195 94958 28357 54188 30257 97288 37866 21766 83367 22901 
8761 16
13934 89410 19517 71022 53321 23153 32754 43118 22619 65387 95884 69040 11795 80009 90903 32117 
8796 11
70427 79176 17115 83000 94930 73999 72373 95709 48241 54729 5834 
8809 12
21474 60339 48815 52657 31367 29388 57328 76208 42431 96813 2082 65406 
436 18
6619 57743 78386 58907 48725 65951 80284 11589 86715 20540 6930 96497 94503 15140 30423 73634 63990 41981 
1122 16
77572 69606 1885 11343 90466 3419 9959 69073 39662 90599 35032 5258 61361 11366 16524 7037 
2703 17
68548 59556 35062 70683 96945 48793 95526 22680 97736 50817 35603 56131 77725 35143 75411 33571 76451 
3328 13
7347 16127 80203 57902 67785 12262 26667 47850 70920 68887 26713 60333 66257 
3352 12
60306 86456 86334 16546 8964 94089 61459 94067 6699 88278 51576 70537 
4067 11
95975 80449 91082 53144 39419 33250 67211 60634 89745 67754 47766 
4376 19
36979 61068 11920 35578 13887 85611 50534 67236 89574 39423 93326 67537 11674 29485 6162 92619 13235 98040 89126 
5013 15
96735 33940 94655 64550 83357 1295 94442 99669 8702 74804 67329 74158 39938 83254 12961 
5143 14
12125 5084 97316 59519 84398 26250 69602 25367 10096 36913 69451 62203 25487 53407 
5291 16
65915 86902 14817 90668 56315 28149 80916 38170 70384 84620 76501 59522 57167 61936 34906 84149 
5484 16
43379 30386 34213 13019 37417 34300 72129 50882 27715 97383 22448 65001 57344 41165 59674 66854 
5889 15
56880 21957 92496 196 52052 53753 25503 41564 53887 50516 46453 60145 24905 67023 52847 
6334 15
68722 98173 35723 38419 40838 51969 14638 44348 10336 62950 46690 83404 8278 81539 32080 
7218 20
88476 58235 49821 7404 21624 68180 45458 19101 10604 9385 32922 67526 46565 51664 91340 41014 42873 17868 53763 75619 
8157 19
34530 43003 16395 80212 43416 56037 5079 62986 2164 8976 17039 38401 80572 88748 52112 77610 29338 33974 30093 
2183 11
74710 38033 28341 88653 97653 98029 32379 12011 80739 26920 28438 
2382 18
69987 94258 15841 1950 75405 24298 77262 92748 61486 21701 48747 65970 57769 71765 6773 10141 23143 28433 
4355 19
60822 47254 26051 62132 13807 28851 98644 51294 81916 50139 56024 7753 1478 87950 45052 57430 73320 62148 55999 
4963 18
42460 31380 44372 39937 99191 36289 67334 21360 13355 61153 21883 62023 32355 47826 28802 34875 28048 99629 
5968 11
24225 72515 52656 19106 92878 25980 17157 53808 15547 45326 34276 
7090 12
44347 77435 90273 44533 52946 74670 63136 86108 8248 30731 28481 71745 
7601 14
89117 83421 4908 31394 16892 44649 48744 46716 30420 9712 51149 77438 60839 70028 
9153 13
91461 15634 90720 16077 33731 2358 12224 34572 22242 30877 18060 81046 89006 
500 18
98225 22260 22226 94222 53816 23993 71608 99206 62468 65414 25274 78037 98148 58655 83347 66310 91652 57125 
517 20
74050 49599 3476 57333 73642 54076 45419 21012 81806 47947 60630 79584 30055 54503 74245 89982 90605 4500 46862 41481 
679 19
93904 42288 28064 66304 56499 38440 91702 90947 63537 85535 1380 5442 39950 38913 10728 5008 98826 76598 8937 
1172 10
73063 5600 73560 43743 39355 53936 53813 25746 4972 5986 
1360 13
84443 20601 9139 74506 99570 66993 13682 48303 55306 16401 75510 34939 65475 
2842 17
36178 82656 38625 44434 78882 63719 9960 64561 25473 56372 4957 70850 42539 63993 86651 35245 35329 
3491 19
77477 39672 74566 55230 751 19591 52810 49651 81078 87251 24919 84838 52272 92693 24849 36976 16186 83403 39981 
4297 19
5924 35826 50128 596 55765 81533 19612 85081 10514 8519 75660 25838 28652 77693 71757 40342 7838 40293 41818 
4710 10
6924 80858 34288 6909 79156 43311 67135 2898 85880 78330 
5252 12
72222 18168 83512 39537 61595 58442 13382 43213 93958 57648 69887 22191 
5634 10
13400 83678 95198 61670 43723 63947 99710 60989 50298 32468 
7885 13
30337 42446 48490 52488 94558 54360 90343 40268 97464 79056 16233 53334 32172 
8281 10
11149 37014 90123 5987 92288 55621 50357 99369 82420 76141 
8654 18
1226 95915 45237 86537 79317 83698 43786 5419 28178 93649 59438 83828 95879 44501 87588 11386 73803 8283 
8665 16
28944 19430 70889 52747 45781 14354 41158 87357 86722 11950 77940 23743 39045 41039 37733 38066 
9102 14
52292 82064 12184 50651 13816 72783 42713 60543 77538 65295 63869 22801 51939 49370 
324 15
33810 49622 45972 92172 72771 10291 4785 65373 11697 77340 66211 97225 71708 52372 65996 
1097 10
62296 76006 84461 67248 38974 17246 36934 19570 41182 74675 
1244 18
88658 30477 40847 8718 71236 98458 15399 60374 60745 71727 73099 75652 9198 2194 65878 58545 4661 69323 
3572 19
38634 4815 25351 52260 71847 36954 55647 65971 7170 86559 58966 11614 92553 83768 57615 56378 89382 60392 61989 
4275 20
92110 98905 93416 80800 86091 95189 39744 32042 4338 2809 71821 70417 21220 99148 47970 86342 80892 63686 60857 46631 
5678 14
24480 70244 74391 1690 64207 12407 34966 99348 14000 16922 91130 93478 46381 6247 
746 14
52917 79365 43748 52203 5247 90779 79867 73907 52454 16373 20325 96218 191 48407 
1499 13
47232 25111 8360 62500 42547 61651 21391 68796 4927 49634 43493 48559 87742 
2100 20
61905 94917 54967 54872 97726 23256 5865 30916 71192 81719 46250 35427 8045 76171 53743 1945 79502 59515 83379 35894 
2746 17
94130 92342 17972 96044 81792 86804 11870 6172 84885 70366 39339 61610 77302 37813 99148 2760 27449 
3249 12
75883 88941 3663 40332 71565 15034 43979 65414 32287 18043 41500 1549 
3406 20
91345 33196 36740 2838 66604 84299 82683 77535 86556 37390 3749 53507 82917 55139 2525 67680 86708 28551 39556 22649 
6058 10
44844 25449 59758 48289 38426 58942 60127 32647 48352 11413 
8683 15
25176 60422 44385 17992 16759 5972 15613 54414 87996 58644 94739 70123 76224 22774 94313 
9462 10
60482 15540 72503 28848 79665 59697 89891 45433 56908 68769 
643 18
36961 8537 1126 84711 39678 4375 16021 99460 28243 62582 55374 65144 81916 71602 87427 23442 73064 80377 
706 17
27067 21956 10130 96598 20981 68665 1804 90300 9322 10091 2442 28375 15331 13147 33992 2800 20841 
896 18
11746 72230 95797 56854 27111 91672 23617 43258 31190 32544 17942 55381 73411 65633 84771 51615 79679 10622 
928 15
46933 81869 14961 28109 16047 28534 919 488 63385 43078 66655 20221 89887 507 30920 
1840 11
42465 31430 61037 96291 40971 77428 54509 67353 18197 63096 21464 
1876 15
32017 43177 64029 70547 62546 69212 36623 46246 89753 47861 59643 36846 59688 42203 73738 
3370 10
42678 11541 84713 55538 70702 89549 26142 11899 63608 22251 
3708 19
58657 34595 70782 90844 20149 68448 70739 80897 62570 79985 9115 91434 26006 57344 41962 83868 91748 52573 42834 
4201 12
64755 58652 5013 98822 81993 26927 10444 86555 93801 39389 479 81159 
4393 18
28106 92230 1359 96102 56902 90953 34591 61800 95520 7129 45703 83247 45930 23274 71227 77553 37998 41944 
4419 16
6598 17409 23924 60288 6557 59494 27996 76124 29822 4977 75666 6448 90526 87742 69748 7974 
5179 12
42878 56178 19435 37816 17049 19886 53451 92395 51946 63971 21367 90694 
5760 16
27303 63832 1536 32273 44614 3841 56581 46752 10971 28307 69294 31579 25516 58642 35401 36200 
7260 10
62922 28277 37186 28791 79268 64404 44236 67454 72479 88076 
7899 12
45542 43562 5052 37822 66203 17954 1187 84878 8119 81515 87502 66347 
9496 16
98391 13615 73873 94658 48561 91416 57726 1530 74179 79773 18046 37815 96840 62496 58606 99645 
115 10
60419 5443 55235 50746 99249 44635 96238 15264 58775 76397 
479 13
15992 98692 4191 95716 9176 77731 70053 95650 90023 13011 15780 31568 65438 
806 13
82846 2074 25022 59283 77280 43249 93536 91541 81762 43442 61355 71891 68168 
2882 12
65860 130 83698 7897 54090 34255 48828 24478 78934 34082 6626 16292 
4059 10
36425 86716 50230 23918 3166 19054 12229 88056 62569 95569 
6897 19
37550 54084 73295 16476 75602 48793 14925 43423 6564 54263 87937 3932 10856 14860 71074 28038 83304 95402 56907 
7281 18
26693 92440 3009 74003 15340 27077 87511 88047 64213 39968 12771 33026 20628 8971 83800 35664 53518 4425 
8530 20
82458 27044 96213 22968 99723 98024 19448 42760 16064 20859 2304 32631 88957 59089 53582 26138 5892 87719 81373 11503 
8691 20
59290 11153 15371 85175 29434 55714 78715 50247 20152 78477 15480 18437 87419 35565 80049 55052 33992 1012 46058 48126 
9128 18
66290 76763 88368 6763 43449 90595 56152 48531 41170 59735 50738 76510 22056 6199 14032 77778 20291 26264 
9447 20
63821 14339 38150 83518 20351 42871 61857 98621 90735 33653 76725 34612 38320 89681 410 76262 673 38593 70663 38493 
891 19
79752 61413 25101 6322 10855 2533 88916 76477 44791 69921 77788 67375 64491 74930 68095 39858 33768 87948 5752 
3156 17
94725 43827 68184 69169 5883 50115 82727 18056 20300 41314 93278 48445 17659 44433 41816 70022 60921 
3722 14
81754 99809 86539 38383 8250 68679 22645 67561 92803 30831 39803 17420 77650 74617 
3961 18
99374 2633 93394 22892 30526 44288 22304 91102 94222 41373 737 11497 63866 76044 16499 23102 76039 56275 
4604 13
5038 15376 41997 39649 43924 98772 66708 2724 97600 63847 96775 12035 82423 
5570 14
34564 89836 53948 39701 85598 17818 36077 47429 87562 73603 50259 63811 93673 53291 
905 11
17697 94250 49717 51349 41493 36370 27684 89978 66607 47661 33693 
945 16
92601 46515 19221 73256 79334 62066 33302 17173 15560 54232 99617 33554 61938 64662 59483 70182 
1736 16
79834 87013 17055 63766 85057 98996 34738 3596 28835 303 38986 69424 25645 64976 14500 76014 
3407 20
48469 79535 52696 23169 98202 60096 85147 44095 56627 32395 49376 15630 83592 8722 1747 69065 62572 76951 10902 13860 
5480 18
70508 13266 66940 77432 58589 55509 40792 61739 19780 25249 20817 55859 48773 69201 69440 78536 54781 43927 
6023 13
90994 65630 64872 60407 21768 99298 82460 33275 94561 61444 7563 27053 92097 
6189 20
55709 35704 35114 38508 74773 75602 55154 77413 73003 28025 72577 27676 57806 27544 99320 16253 60912 80523 29089 84448 
6972 14
66092 96133 52281 88995 33784 87157 10341 49303 83738 85067 71093 69506 13346 80801 
7099 18
87568 24441 80436 87543 72976 30175 50093 43684 55683 50485 57840 25972 42133 44858 94394 92480 17825 47399 
7505 12
56146 52704 14061 35073 30327 37790 26447 11782 67902 41195 68357 57552 
9550 20
94058 96624 62549 24547 55522 77601 84170 72989 1235 4066 8236 72705 65218 7589 41342 42609 78565 62462 16900 13768 
9587 18
36979 24357 1564 35837 68673 37203 10874 84442 42978 56026 11040 82942 63923 52171 64121 98807 24878 70379 
9773 11
4010 95875 68891 7003 37333 27623 17563 83407 9758 55807 74155 
9906 14
39590 59724 21823 42280 80751 45726 94805 10290 77875 51599 484 28601 11028 23455 
1085 16
62317 65959 54841 61092 80169 95588 84303 11454 98300 18908 53453 77679 88890 21633 27081 63683 
2058 13
51763 65925 89966 96608 37058 19708 80998 36073 58545 20315 9370 85397 32764 
3891 16
86807 47052 42805 45174 27807 17549 46221 69713 92040 5875 21847 64916 36064 77393 96200 70328 
4817 14
38858 11129 48229 88560 71596 54216 30252 15645 69823 86077 89661 42036 94199 73641 
5736 13
66362 47874 32846 55280 5729 22150 90598 99003 20135 6920 95208 34072 6524 
7871 18
1513 42478 87464 13896 50662 26575 98450 58297 21349 25031 20931 5990 58400 47906 61404 68848 48620 3498 
8534 13
88065 29668 33987 77373 86509 74239 80071 57696 84302 17498 93623 37898 84520 
542 16
35954 33694 60895 85408 45750 12927 88830 15560 77627 77058 56865 53334 98687 22135 90563 98025 
1086 11
35102 5810 33845 42472 67639 92886 47250 76487 16383 60512 45867 
1689 12
93148 4980 80118 23847 61250 54325 38963 95323 44785 44913 14729 25335 
2173 17
76018 31904 61124 22842 73730 23658 16757 23723 93331 65624 82221 32753 12607 33439 51897 71167 32546 
2233 15
24127 18621 24448 18383 23356 7800 72735 66997 61160 23838 52084 40443 10891 98684 48851 
2992 19
93737 88976 43192 89410 64644 60782 13816 25118 5446 83804 23535 16692 72952 3561 11357 61417 10896 95073 60307 
5177 17
28931 63765 35665 31518 55279 40640 40825 93683 12620 37729 97785 62448 87343 40377 39707 98745 65536 
5275 11
31676 10279 55123 70236 75607 84575 25720 86193 20814 9625 20378 
5981 15
70177 99955 52751 59199 74969 31851 13949 22909 66557 13581 60168 35899 8497 13890 40538 
7084 12
38219 50476 70667 93825 55157 29223 38327 47433 39056 25547 25638 16320 
7351 17
28531 96421 3102 14182 22850 23973 36168 13311 38075 40042 72391 34023 61674 58439 72240 67279 54109 
9553 20
323 45017 81772 64309 78814 84565 22578 66104 95899 73449 15090 87340 21529 42722 33033 10375 44997 22616 60561 86467 
1189 17
822 18054 95218 42713 96492 4207 15220 45900 24042 76647 87032 79407 97821 92432 27803 83259 18505 
2385 17
89783 93991 80895 40289 88792 34520 93376 18518 64820 81722 49303 96413 69049 31141 516 32956 59548 
2854 15
21531 65857 49956 66325 48426 41904 82910 94586 50157 88593 1986 6340 67260 85806 49002 
3194 14
87381 76102 87799 42052 12605 18218 73420 67871 4095 79918 20979 48668 71611 83891 
4437 19
30799 87657 3701 13497 58316 47173 59281 68618 69434 43054 34930 9398 40073 21619 87815 93000 39214 51678 80624 
6317 13
16788 55362 91565 49760 5059 29715 14393 34123 65067 26906 51179 21401 70562 
8232 11
48305 53274 27378 2559 75639 13232 76261 50807 2642 2579 53919 
2260 17
29339 31416 69575 32797 65117 87116 95866 21737 40058 97427 94835 42714 1867 43072 49470 53854 93385 
5450 20
53725 29993 15446 56603 77409 65428 23928 72058 63132 71235 14522 53752 38670 57238 59419 68959 52840 22566 82616 57511 
5879 15
14063 70555 60183 96756 55632 27697 54033 65602 11449 53003 97606 4444 39689 37343 30244 
6602 20
63803 52271 86127 64012 33369 93392 69991 80221 24284 65253 21751 5244 83015 87723 24465 71718 66197 64584 69698 23964 
6891 12
14699 9329 21649 43761 20928 9451 6461 56573 75143 88505 2323 45402 
7337 11
85797 75684 55200 60899 91868 15734 74817 20821 25456 16969 54175 
7500 10
62579 88140 55 48307 31745 76449 57236 14282 33376 25851 
9368 15
35333 26343 1751 73662 50940 65338 96881 52200 198 84092 31484 6710 52306 25003 67656 
1601 15
98568 39225 21338 40625 77556 97871 86336 80302 7951 44328 48156 24960 8350 1408 99629 
1855 18
96407 42300 58574 97531 34946 9069 99613 29595 95525 41712 98138 73047 59700 15651 73051 60793 68164 62318 
2760 13
85851 26113 16929 64610 78331 89490 30126 93269 64077 57304 27297 36859 78645 
2892 19
69949 10531 72634 4658 9474 53745 20815 74543 20135 15090 55996 56667 37513 50451 85247 51820 26190 30672 51425 
3313 19
12670 15393 54001 13500 86764 29372 97791 76838 27145 61534 69247 55400 16056 27001 78315 21240 39101 29810 15087 
5161 14
99372 84617 25079 95107 89679 99526 51254 31827 98232 99787 13469 69246 38816 28302 
5520 11
84422 64278 93201 51691 69650 15998 58014 64352 16159 21824 11637 
6633 20
69673 46796 91131 38820 12603 24522 71810 4861 13722 7343 50672 23120 27148 28747 78792 63971 66888 48990 97717 3560 
7242 14
20262 5790 66897 61358 7775 87552 47557 45620 66512 91208 87815 9035 11983 91960 
7650 11
27528 9657 98014 24415 62493 98815 77217 59307 93619 2927 3584 
7890 12
30387 33870 98320 98796 24317 37912 62095 88428 43458 34534 59289 82199 
8730 15
17254 54180 38448 3066 97591 63838 95584 70577 99587 28565 78006 75695 99517 80550 29795 
9349 16
4859 82705 2822 12036 25475 29017 66258 40337 61627 92927 2672 49333 16772 27110 46782 22034 
9986 15
85635 48586 70134 53312 67087 3996 59227 18829 92716 11635 13568 7492 27290 4568 48409 
2147 16
70177 46721 66472 94883 39926 79979 69524 76154 88703 87523 70931 58874 69647 23635 21848 14417 
3174 11
72204 99106 51774 46174 76063 15100 19332 55243 40849 23790 97211 
3574 14
39552 28310 39596 98427 52862 27826 92606 95404 93652 25306 89510 5396 1382 50312 
3916 12
73905 44883 11667 28715 48830 87022 38239 88137 93158 90732 86408 99473 
4144 14
37344 39049 39404 45036 68020 61793 24065 82676 25841 75399 22877 28661 53109 62863 
4343 10
7638 63682 98499 30423 14267 27144 51840 2801 6854 98181 
6572 12
30560 42542 79617 75962 58485 37887 43279 28378 54443 59309 83249 64810 
6669 20
1901 1889 1918 77258 35314 13095 76938 85615 38592 70627 67049 42918 99363 23109 83505 85781 3242 92111 96915 59832 
9881 12
77283 69561 28300 99172 81295 82411 58411 94920 79701 56079 11404 29777 
1046 11
82979 27894 51995 24836 89745 18801 32405 79786 3777 90429 46590 
3265 10
48133 75728 71343 66478 37816 47961 9498 39092 65574 93217 
5167 14
53574 93693 81952 19003 62964 73438 93921 38237 72007 36994 91696 48851 34460 46379 
5846 11
86810 96247 75518 52695 51321 7826 55917 22104 22096 82717 40819 
8969 19
92425 75262 25072 34427 11054 88480 35926 92297 28677 81980 32241 17998 66073 77044 81901 46138 21451 4302 69672 
656 12
79008 58936 4613 84733 72462 78048 6519 41713 1859 79955 65486 53488 
1325 14
22494 34972 65793 26184 31296 29431 49607 465 50593 12569 2146 39053 45731 14556 
1538 11
65580 26690 58325 42143 47429 28339 18017 68919 41813 52573 89539 
3755 19
84772 79379 6167 63749 98204 11814 93419 86288 1719 69000 66021 89386 54060 93679 37715 28933 89399 36632 28997 
7125 16
58828 26403 27407 43031 27315 97459 58178 55640 69293 20281 97375 15054 12685 79139 44580 62517 
7713 10
76137 95984 29200 40319 87456 2676 21411 26360 12043 22803 
587 12
9451 89899 80208 79343 5159 56129 53810 43069 55872 73207 14665 95174 
627 20
38799 52170 75802 47618 17668 18989 60962 60226 92874 61874 46427 13907 76493 20137 39432 94802 41993 49106 6016 74570 
1045 20
49560 38313 39892 29992 91949 56316 87873 43439 44114 20566 54028 41485 21886 90560 63622 77344 95978 20595 25087 17105 
4758 20
84347 99010 23928 24709 33654 92408 37923 2051 54287 47525 91216 74497 2686 71749 63986 94218 4552 26076 61417 41803 
6129 12
95606 60913 65399 88971 43174 14224 85677 92605 21030 18743 10774 76567 
7819 20
85469 58040 37514 1367 86604 32704 39170 53006 60221 20549 86747 21414 8183 58796 89224 42215 88097 45905 71839 47416 
20 18
56269 99671 68344 54112 21904 70902 46404 6642 83263 60514 17453 92494 37314 82710 54544 88220 45286 79689 
1525 20
9687 95293 94367 84745 62072 9352 22667 73558 59789 91112 88997 56296 93090 16791 42323 24060 68314 53366 60421 27961 
2159 14
20067 47592 4601 99497 26220 3137 37790 5738 73915 11073 7283 42551 5075 95876 
2509 10
99990 16645 63796 17423 72907 2006 42915 15991 44888 14228 
2672 10
84731 16339 44652 91066 33951 68276 54642 80974 27729 41583 
3636 10
80483 95055 84031 72420 39915 14751 81316 9364 63062 94668 
3770 11
21062 41469 85612 26049 23914 7000 20648 72181 89225 1417 53279 
6088 18
15838 36576 63729 43859 77243 40548 29522 98568 50513 82908 41914 22244 37459 30269 83751 76144 38349 13575 
6984 16
15373 5775 40224 17785 11186 71430 3119 44630 21336 4356 51604 38064 96671 36779 80484 62488 
7625 16
34218 36828 55714 77960 14042 26625 523 99362 34769 74305 18098 57240 32089 47819 98958 39690 
8876 12
17359 22160 18218 64164 42385 22853 22307 58226 68047 9214 14071 39515 
9048 12
41045 9139 76919 51399 41335 72848 91713 87990 24196 76152 69244 81440 
9275 19
96342 27217 68647 96050 55292 34618 81883 24056 74937 52454 44588 20719 73807 46024 84400 54384 5993 65439 10678 
596 17
62933 73424 45189 78750 21094 34563 86698 46476 90416 93847 29978 19381 5803 13413 72410 4486 92762 
1527 11
78014 27382 77534 56456 61821 77085 57432 69549 87633 35749 69907 
3454 19
68136 55062 65778 9148 34871 19732 84783 65362 65984 65309 31384 79703 7321 19304 4898 32422 52330 98346 61351 
4359 10
44374 2302 43800 14621 88920 97827 18416 30486 42468 25459 
7329 16
52917 65062 77390 7340 4662 22373 12897 54767 49621 44482 67948 10995 40915 33372 6974 36041 
7667 13
27384 62098 87755 41155 19697 28346 77727 73264 6573 26569 25153 4956 39613 
16 18
19163 79317 86246 21273 80933 45051 78933 69365 66289 40720 14484 12081 31044 46212 65538 46573 59477 45060 
1033 10
80585 20678 35336 54274 32089 59925 35570 1227 66969 22592 
2844 18
56319 37364 4865 24330 45857 26121 17128 7206 71923 41712 54250 36905 25923 33407 42675 60242 68704 80140 
2955 14
56386 45602 67929 82628 56846 53844 55897 33459 23994 6516 88160 32015 63230 80141 
4241 19
66206 16678 5812 72229 23074 69432 64581 94093 39604 32512 87208 62174 80956 11817 28901 63342 57750 22983 65406 
4303 15
87206 44742 56952 26137 96622 15713 63926 47168 97744 29590 76647 31098 96212 37729 67719 
5142 12
98935 38870 84764 94091 25283 94670 56963 72353 21438 72067 85622 89850 
5595 13
54155 77645 83255 7417 23998 62828 78073 58454 99070 52660 76198 62505 17171 
6029 19
3780 83137 83667 55830 88249 86811 20803 6174 15123 11396 93439 19924 9711 93137 96859 75020 48449 90447 85567 
4445 17
14088 88140 63365 73735 96486 32619 42766 73055 59127 60268 77720 86879 50809 43633 56712 62825 43752 
4922 15
60538 93787 18904 55496 34812 93774 25913 80026 80257 81163 62477 83201 98603 49962 96621 
6116 15
33342 45011 11821 43697 68753 88451 6227 65759 94088 95717 80840 72477 89575 86820 394 
6314 18
62765 28450 24415 55216 54430 83103 80367 51302 59288 89015 75 11219 90467 6555 94703 85291 93868 69453 
7700 16
98019 45602 80107 3172 92346 62642 41648 37318 94219 53053 35445 31134 8017 57094 37349 79847 
8123 12
94174 20601 30748 26240 42488 43034 25291 4213 4397 81466 31283 22643 
8910 19
13132 19798 19559 81603 22611 26215 35807 83365 55435 42750 4878 56663 87320 32055 92261 94724 43138 97575 61520 
997 14
56307 67812 4179 76033 17065 54125 588 21592 83437 19900 16160 7654 66675 24588 
1224 11
70152 625 16614 46850 70091 7351 61704 23191 45202 56486 40119 
3235 11
50559 92748 56469 2687 53556 59134 1888 15602 43831 73072 49620 
4250 20
16418 89315 6612 66035 89802 95498 71909 22377 25963 59754 20049 8404 4060 8999 95329 98758 12544 25688 79679 64845 
5692 10
1091 75441 28546 30476 46475 28770 54138 76023 26153 94421 
5995 18
95170 25136 23802 55937 70761 89458 40256 93790 75261 76006 54699 43298 86189 70187 92649 8454 90526 38772 
7184 13
52405 38503 87944 9827 86439 55249 23227 14636 60148 62815 25782 32327 36475 
8227 11
27711 88068 23534 60280 37490 15680 34154 37562 37691 27268 98057 
9311 16
58110 3342 47216 99333 46727 46668 45783 25705 82155 48485 94015 79237 36387 17635 62172 98615 
116 12
1333 20463 90934 39838 17844 87578 36649 44003 35172 90103 73207 17924 
147 19
88118 35845 68662 10586 22178 94927 19749 73296 63425 52718 14550 37740 53926 37483 77014 55169 25669 37898 85475 
1502 14
29552 26116 65482 42274 99891 94611 13465 44371 12830 9693 73268 87922 96194 81262 
1717 15
51369 69813 64919 31460 4069 21343 30082 50955 42087 27712 63071 18282 87759 70544 39173 
2867 10
56321 12572 76808 44376 98640 22326 57575 59948 39822 27941 
3416 14
65223 27077 54394 34173 24787 95253 96074 27494 23286 89298 41533 31117 784 3333 
4642 18
69737 57000 58561 55036 77400 5820 37582 18398 28643 96297 55167 65693 98470 11046 55836 87856 83257 99962 
5512 12
87074 33634 29375 99955 4579 56384 25376 20329 18216 64387 86506 11891 
5897 11
76659 92526 46241 49761 57497 8182 5335 42466 79355 68134 73997 
8469 12
33410 22699 13441 75818 37793 24901 88438 78166 8638 39953 90160 44776 
271 12
52609 21063 16770 69751 10308 73697 32097 43628 58492 63979 20456 35724 
456 17
59989 9380 44679 53796 87689 37620 60387 94108 62416 41921 66596 7165 18127 65439 18385 71859 55689 
1982 15
16936 94342 32294 52438 31774 96759 361 12602 87622 84818 29932 81338 25876 78579 91896 
3153 14
29753 98432 22500 69678 62841 18887 97369 27340 87964 25904 86269 12453 19664 44700 
4735 11
42006 99664 85302 76782 15065 81961 99949 20641 2503 43634 48100 
6097 14
63509 76511 64795 41185 16167 67265 99438 38616 43238 87914 70245 98357 14363 1096 
6943 15
56484 88115 3946 95103 58484 70081 78093 4122 88313 83825 70865 36752 36878 93860 49115 
7969 12
21574 21286 84120 21320 36184 53221 77805 75433 22755 52978 39053 97012 
1640 18
28535 33249 46517 97768 45617 5558 230 82408 61934 21242 57479 7256 45754 17916 10173 91380 18860 80930 
2598 13
72870 86608 77400 81761 30837 3615 13580 69476 47813 85206 1537 27840 64464 
